<?xml version="1.0" encoding="UTF-8"?>
<!-- Generated by org.testng.reporters.JUnitReportReporter -->
<testsuite hostname="LAPTOP-1557RTGT" failures="0" tests="1" name="com.ui.automation.SearchPageTestCase" time="28.063" errors="0" timestamp="2025-01-29T12:32:40 IST" skipped="0">
  <testcase classname="com.ui.automation.SearchPageTestCase" name="verifyFirstSearchedResult" time="28.063"/>
  <system-out/>
</testsuite> <!-- com.ui.automation.SearchPageTestCase -->
